---------------------------------------
Begin Slurm Prolog: Apr-08-2026 21:42:46
Job ID:    4630082
User ID:   agurram9
Account:   coc
Job name:  roosebert_imm
Partition: ice-gpu
QOS:       coc-ice
---------------------------------------

CondaError: Run 'conda init' before 'conda deactivate'

=== Caching model ===
Fetching 6 files:   0%|          | 0/6 [00:00<?, ?it/s]Fetching 6 files: 100%|██████████| 6/6 [00:00<00:00, 46951.16it/s]
=== Training relevance classifier ===
Traceback (most recent call last):
  File "/home/hice1/agurram9/us-immigration-speeches-1.1/hf/run.py", line 70, in <module>
Traceback (most recent call last):
  File "/home/hice1/agurram9/us-immigration-speeches-1.1/hf/run.py", line 70, in <module>
Traceback (most recent call last):
  File "/home/hice1/agurram9/us-immigration-speeches-1.1/hf/run.py", line 70, in <module>
Traceback (most recent call last):
  File "/home/hice1/agurram9/us-immigration-speeches-1.1/hf/run.py", line 70, in <module>
    from torch.utils.tensorboard import SummaryWriter
  File "/home/hice1/agurram9/.local/lib/python3.10/site-packages/torch/utils/tensorboard/__init__.py", line 1, in <module>
    import tensorboard
ModuleNotFoundError: No module named 'tensorboard'

During handling of the above exception, another exception occurred:

Traceback (most recent call last):
  File "/home/hice1/agurram9/.conda/envs/roosebert/lib/python3.10/runpy.py", line 196, in _run_module_as_main
    return _run_code(code, main_globals, None,
  File "/home/hice1/agurram9/.conda/envs/roosebert/lib/python3.10/runpy.py", line 86, in _run_code
    exec(code, run_globals)
  File "/home/hice1/agurram9/us-immigration-speeches-1.1/hf/run.py", line 72, in <module>
    from tensorboardX import SummaryWriter
ModuleNotFoundError: No module named 'tensorboardX'
    from torch.utils.tensorboard import SummaryWriter
    from torch.utils.tensorboard import SummaryWriter
  File "/home/hice1/agurram9/.local/lib/python3.10/site-packages/torch/utils/tensorboard/__init__.py", line 1, in <module>
    from torch.utils.tensorboard import SummaryWriter
  File "/home/hice1/agurram9/.local/lib/python3.10/site-packages/torch/utils/tensorboard/__init__.py", line 1, in <module>
  File "/home/hice1/agurram9/.local/lib/python3.10/site-packages/torch/utils/tensorboard/__init__.py", line 1, in <module>
    import tensorboard
ModuleNotFoundError: No module named 'tensorboard'

During handling of the above exception, another exception occurred:

Traceback (most recent call last):
  File "/home/hice1/agurram9/.conda/envs/roosebert/lib/python3.10/runpy.py", line 196, in _run_module_as_main
    return _run_code(code, main_globals, None,
  File "/home/hice1/agurram9/.conda/envs/roosebert/lib/python3.10/runpy.py", line 86, in _run_code
    exec(code, run_globals)
  File "/home/hice1/agurram9/us-immigration-speeches-1.1/hf/run.py", line 72, in <module>
    from tensorboardX import SummaryWriter
ModuleNotFoundError: No module named 'tensorboardX'
    import tensorboard
    import tensorboard
ModuleNotFoundError: No module named 'tensorboard'

During handling of the above exception, another exception occurred:

Traceback (most recent call last):
  File "/home/hice1/agurram9/.conda/envs/roosebert/lib/python3.10/runpy.py", line 196, in _run_module_as_main
ModuleNotFoundError: No module named 'tensorboard'

During handling of the above exception, another exception occurred:

Traceback (most recent call last):
    return _run_code(code, main_globals, None,
  File "/home/hice1/agurram9/.conda/envs/roosebert/lib/python3.10/runpy.py", line 86, in _run_code
  File "/home/hice1/agurram9/.conda/envs/roosebert/lib/python3.10/runpy.py", line 196, in _run_module_as_main
    exec(code, run_globals)
    return _run_code(code, main_globals, None,
  File "/home/hice1/agurram9/.conda/envs/roosebert/lib/python3.10/runpy.py", line 86, in _run_code
  File "/home/hice1/agurram9/us-immigration-speeches-1.1/hf/run.py", line 72, in <module>
    exec(code, run_globals)
  File "/home/hice1/agurram9/us-immigration-speeches-1.1/hf/run.py", line 72, in <module>
    from tensorboardX import SummaryWriter
ModuleNotFoundError: No module named 'tensorboardX'
    from tensorboardX import SummaryWriter
ModuleNotFoundError: No module named 'tensorboardX'
/home/hice1/agurram9/.conda/envs/roosebert/bin/python3 -m hf.run --model_type bert --model_name_or_path ddore14/RooseBERT-cont-uncased --tokenizer_name  --name  --do_train --train all.jsonlist --data_dir data/speeches/Congress/relevance/splits/basic/ --max_seq_length 512 --per_gpu_eval_batch_size=8 --per_gpu_train_batch_size=8 --learning_rate 2e-05 --num_train_epochs 7 --output_dir data/speeches/Congress/relevance/splits/basic/bert/roosebert_RooseBERT-cont-uncased_s42_lr2e-05_msl512 --overwrite_cache --overwrite_output_dir --weight_field weight --metrics accuracy,f1 --seed 42 --do_lower_case
/home/hice1/agurram9/.conda/envs/roosebert/bin/python3 -m hf.run --model_type bert --model_name_or_path ddore14/RooseBERT-cont-uncased --tokenizer_name  --name  --do_train --train all.jsonlist --data_dir data/speeches/Congress/relevance/splits/basic/ --max_seq_length 512 --per_gpu_eval_batch_size=8 --per_gpu_train_batch_size=8 --learning_rate 2e-05 --num_train_epochs 7 --output_dir data/speeches/Congress/relevance/splits/basic/bert/roosebert_RooseBERT-cont-uncased_s42_lr2e-05_msl512 --overwrite_cache --overwrite_output_dir --weight_field weight --metrics accuracy,f1 --seed 42 --do_lower_case
/home/hice1/agurram9/.conda/envs/roosebert/bin/python3 -m hf.run --model_type bert --model_name_or_path ddore14/RooseBERT-cont-uncased --tokenizer_name  --name  --do_train --train all.jsonlist --data_dir data/speeches/Congress/relevance/splits/basic/ --max_seq_length 512 --per_gpu_eval_batch_size=8 --per_gpu_train_batch_size=8 --learning_rate 2e-05 --num_train_epochs 7 --output_dir data/speeches/Congress/relevance/splits/basic/bert/roosebert_RooseBERT-cont-uncased_s42_lr2e-05_msl512 --overwrite_cache --overwrite_output_dir --weight_field weight --metrics accuracy,f1 --seed 42 --do_lower_case
/home/hice1/agurram9/.conda/envs/roosebert/bin/python3 -m hf.run --model_type bert --model_name_or_path ddore14/RooseBERT-cont-uncased --tokenizer_name  --name  --do_train --train all.jsonlist --data_dir data/speeches/Congress/relevance/splits/basic/ --max_seq_length 512 --per_gpu_eval_batch_size=8 --per_gpu_train_batch_size=8 --learning_rate 2e-05 --num_train_epochs 7 --output_dir data/speeches/Congress/relevance/splits/basic/bert/roosebert_RooseBERT-cont-uncased_s42_lr2e-05_msl512 --overwrite_cache --overwrite_output_dir --weight_field weight --metrics accuracy,f1 --seed 42 --do_lower_case
=== Training tone classifier ===
Traceback (most recent call last):
  File "/home/hice1/agurram9/us-immigration-speeches-1.1/hf/run.py", line 70, in <module>
    from torch.utils.tensorboard import SummaryWriter
  File "/home/hice1/agurram9/.local/lib/python3.10/site-packages/torch/utils/tensorboard/__init__.py", line 1, in <module>
    import tensorboard
ModuleNotFoundError: No module named 'tensorboard'

During handling of the above exception, another exception occurred:

Traceback (most recent call last):
  File "/home/hice1/agurram9/.conda/envs/roosebert/lib/python3.10/runpy.py", line 196, in _run_module_as_main
    return _run_code(code, main_globals, None,
  File "/home/hice1/agurram9/.conda/envs/roosebert/lib/python3.10/runpy.py", line 86, in _run_code
    exec(code, run_globals)
  File "/home/hice1/agurram9/us-immigration-speeches-1.1/hf/run.py", line 72, in <module>
    from tensorboardX import SummaryWriter
ModuleNotFoundError: No module named 'tensorboardX'
Traceback (most recent call last):
  File "/home/hice1/agurram9/us-immigration-speeches-1.1/hf/run.py", line 70, in <module>
    from torch.utils.tensorboard import SummaryWriter
Traceback (most recent call last):
  File "/home/hice1/agurram9/us-immigration-speeches-1.1/hf/run.py", line 70, in <module>
Traceback (most recent call last):
  File "/home/hice1/agurram9/us-immigration-speeches-1.1/hf/run.py", line 70, in <module>
  File "/home/hice1/agurram9/.local/lib/python3.10/site-packages/torch/utils/tensorboard/__init__.py", line 1, in <module>
    from torch.utils.tensorboard import SummaryWriter
  File "/home/hice1/agurram9/.local/lib/python3.10/site-packages/torch/utils/tensorboard/__init__.py", line 1, in <module>
    import tensorboard
ModuleNotFoundError: No module named 'tensorboard'

During handling of the above exception, another exception occurred:

Traceback (most recent call last):
  File "/home/hice1/agurram9/.conda/envs/roosebert/lib/python3.10/runpy.py", line 196, in _run_module_as_main
    import tensorboard
    return _run_code(code, main_globals, None,
  File "/home/hice1/agurram9/.conda/envs/roosebert/lib/python3.10/runpy.py", line 86, in _run_code
ModuleNotFoundError: No module named 'tensorboard'

During handling of the above exception, another exception occurred:

Traceback (most recent call last):
    exec(code, run_globals)
  File "/home/hice1/agurram9/.conda/envs/roosebert/lib/python3.10/runpy.py", line 196, in _run_module_as_main
  File "/home/hice1/agurram9/us-immigration-speeches-1.1/hf/run.py", line 72, in <module>
    return _run_code(code, main_globals, None,
  File "/home/hice1/agurram9/.conda/envs/roosebert/lib/python3.10/runpy.py", line 86, in _run_code
    from tensorboardX import SummaryWriter
ModuleNotFoundError: No module named 'tensorboardX'
    exec(code, run_globals)
  File "/home/hice1/agurram9/us-immigration-speeches-1.1/hf/run.py", line 72, in <module>
    from tensorboardX import SummaryWriter
ModuleNotFoundError: No module named 'tensorboardX'
    from torch.utils.tensorboard import SummaryWriter
  File "/home/hice1/agurram9/.local/lib/python3.10/site-packages/torch/utils/tensorboard/__init__.py", line 1, in <module>
    import tensorboard
ModuleNotFoundError: No module named 'tensorboard'

During handling of the above exception, another exception occurred:

Traceback (most recent call last):
  File "/home/hice1/agurram9/.conda/envs/roosebert/lib/python3.10/runpy.py", line 196, in _run_module_as_main
    return _run_code(code, main_globals, None,
  File "/home/hice1/agurram9/.conda/envs/roosebert/lib/python3.10/runpy.py", line 86, in _run_code
    exec(code, run_globals)
  File "/home/hice1/agurram9/us-immigration-speeches-1.1/hf/run.py", line 72, in <module>
    from tensorboardX import SummaryWriter
ModuleNotFoundError: No module named 'tensorboardX'
roosebert_s42_lr2e-05_msl512
/home/hice1/agurram9/.conda/envs/roosebert/bin/python3 -m hf.run --model_type bert --model_name_or_path ddore14/RooseBERT-cont-uncased --tokenizer_name  --name  --do_train --train all.jsonlist --data_dir data/speeches/Congress/tone/splits/label-weights/ --max_seq_length 512 --per_gpu_eval_batch_size=8 --per_gpu_train_batch_size=8 --learning_rate 2e-05 --num_train_epochs 7 --output_dir data/speeches/Congress/tone/splits/label-weights/bert/roosebert_s42_lr2e-05_msl512 --overwrite_cache --overwrite_output_dir --weight_field weight --metrics accuracy,per_class_f1 --seed 42 --do_lower_case
roosebert_s42_lr2e-05_msl512
/home/hice1/agurram9/.conda/envs/roosebert/bin/python3 -m hf.run --model_type bert --model_name_or_path ddore14/RooseBERT-cont-uncased --tokenizer_name  --name  --do_train --train all.jsonlist --data_dir data/speeches/Congress/tone/splits/label-weights/ --max_seq_length 512 --per_gpu_eval_batch_size=8 --per_gpu_train_batch_size=8 --learning_rate 2e-05 --num_train_epochs 7 --output_dir data/speeches/Congress/tone/splits/label-weights/bert/roosebert_s42_lr2e-05_msl512 --overwrite_cache --overwrite_output_dir --weight_field weight --metrics accuracy,per_class_f1 --seed 42 --do_lower_case
roosebert_s42_lr2e-05_msl512
/home/hice1/agurram9/.conda/envs/roosebert/bin/python3 -m hf.run --model_type bert --model_name_or_path ddore14/RooseBERT-cont-uncased --tokenizer_name  --name  --do_train --train all.jsonlist --data_dir data/speeches/Congress/tone/splits/label-weights/ --max_seq_length 512 --per_gpu_eval_batch_size=8 --per_gpu_train_batch_size=8 --learning_rate 2e-05 --num_train_epochs 7 --output_dir data/speeches/Congress/tone/splits/label-weights/bert/roosebert_s42_lr2e-05_msl512 --overwrite_cache --overwrite_output_dir --weight_field weight --metrics accuracy,per_class_f1 --seed 42 --do_lower_case
roosebert_s42_lr2e-05_msl512
/home/hice1/agurram9/.conda/envs/roosebert/bin/python3 -m hf.run --model_type bert --model_name_or_path ddore14/RooseBERT-cont-uncased --tokenizer_name  --name  --do_train --train all.jsonlist --data_dir data/speeches/Congress/tone/splits/label-weights/ --max_seq_length 512 --per_gpu_eval_batch_size=8 --per_gpu_train_batch_size=8 --learning_rate 2e-05 --num_train_epochs 7 --output_dir data/speeches/Congress/tone/splits/label-weights/bert/roosebert_s42_lr2e-05_msl512 --overwrite_cache --overwrite_output_dir --weight_field weight --metrics accuracy,per_class_f1 --seed 42 --do_lower_case
=== Done ===
---------------------------------------
Begin Slurm Epilog: Apr-08-2026 21:43:52
Job ID:        4630082
User ID:       agurram9
Account:       coc
Job name:      roosebert_imm
Resources:     cpu=4,gres/gpu:rtx_6000=1,mem=16G,node=1
Rsrc Used:     cput=00:04:24,vmem=0,walltime=00:01:06,mem=63744K,energy_used=0
Partition:     ice-gpu
QOS:           coc-ice
Nodes:         atl1-1-01-005-7-0
---------------------------------------
